<?xml version="1.0" encoding="UTF-8"?>
<!-- Generated by org.testng.reporters.JUnitReportReporter -->
<testsuite hostname="Marahs-MacBook-Air.local" failures="0" tests="3" name="com.example.marah.testcases.WeatherTests" time="56.864" errors="0" timestamp="2024-07-19T20:59:17 AST" skipped="0">
  <testcase classname="com.example.marah.testcases.WeatherTests" name="TC_3" time="15.958"/>
  <testcase classname="com.example.marah.testcases.WeatherTests" name="TC_2" time="21.532"/>
  <testcase classname="com.example.marah.testcases.WeatherTests" name="TC_1" time="19.374"/>
</testsuite> <!-- com.example.marah.testcases.WeatherTests -->
